<?xml version="1.0" encoding="UTF-8"?>
<testsuite name="com.gildedrose.GildedRoseTest" tests="1" skipped="0" failures="0" errors="0" timestamp="2022-09-06T22:10:39" hostname="mahmouds-MacBook-Pro.local" time="0.022">
  <properties/>
  <testcase name="backstagePassesItemQualityDropsToZeroAfterConcert()" classname="com.gildedrose.GildedRoseTest" time="0.022"/>
  <system-out><![CDATA[]]></system-out>
  <system-err><![CDATA[]]></system-err>
</testsuite>
