<?xml version="1.0" encoding="UTF-8"?>
<testsuite name="com.gildedrose.GildedRoseTest" tests="16" skipped="0" failures="0" errors="0" timestamp="2022-09-07T23:19:23" hostname="mahmouds-MacBook-Pro.local" time="0.046">
  <properties/>
  <testcase name="backstagePassesItemQualityDropsToZeroAfterConcert()" classname="com.gildedrose.GildedRoseTest" time="0.024"/>
  <testcase name="onceTheSellByDateHasPassedQualityDegradesTwiceAsFast()" classname="com.gildedrose.GildedRoseTest" time="0.001"/>
  <testcase name="elixirOfTheMongooseItemQualityDecreasesByNextDay()" classname="com.gildedrose.GildedRoseTest" time="0.001"/>
  <testcase name="dexterityVestItemQualityDecreasesByNextDay()" classname="com.gildedrose.GildedRoseTest" time="0.0"/>
  <testcase name="sulfurasLegendaryItemNeverSoldOrDecreasesInQuality()" classname="com.gildedrose.GildedRoseTest" time="0.001"/>
  <testcase name="conjuredItemQualityDegradesTwiceAsFastAsNormalItem()" classname="com.gildedrose.GildedRoseTest" time="0.0"/>
  <testcase name="qualityOfBackstagePassesItemIsNeverMoreThan50()" classname="com.gildedrose.GildedRoseTest" time="0.001"/>
  <testcase name="agedBrieItemQualityIncreasesTheOlderItGets()" classname="com.gildedrose.GildedRoseTest" time="0.0"/>
  <testcase name="foo()" classname="com.gildedrose.GildedRoseTest" time="0.001"/>
  <testcase name="qualityOfAgedBrieItemIsNeverMoreThan50()" classname="com.gildedrose.GildedRoseTest" time="0.001"/>
  <testcase name="backstagePassesItemQualityIncreasesByThreeWhenThereAreFiveDays()" classname="com.gildedrose.GildedRoseTest" time="0.0"/>
  <testcase name="qualityOfAnItemIsNeverNegative()" classname="com.gildedrose.GildedRoseTest" time="0.001"/>
  <testcase name="backstagePassesItemQualityIncreasesByTwoWhenThereAreTenDays()" classname="com.gildedrose.GildedRoseTest" time="0.0"/>
  <testcase name="backstagePassesItemQualityIncreasesTheOlderItGets()" classname="com.gildedrose.GildedRoseTest" time="0.001"/>
  <testcase name="backstagePassesItemQualityIncreasesByThreeWhenThereAreLessThanFiveDaysAndMoreThanZeroDays()" classname="com.gildedrose.GildedRoseTest" time="0.001"/>
  <testcase name="backstagePassesItemQualityIncreasesByTwoWhenThereAreLessThanTenDaysAndMoreThanFiveDays()" classname="com.gildedrose.GildedRoseTest" time="0.0"/>
  <system-out><![CDATA[]]></system-out>
  <system-err><![CDATA[]]></system-err>
</testsuite>
